<?xml version="1.0" encoding="UTF-8"?>
<!-- Generated by org.testng.reporters.JUnitXMLReporter -->
<testsuite hostname="LAPTOP-2QBB6G2F" ignored="1" name="Test" tests="2" failures="1" timestamp="10 Jun 2020 23:26:37 GMT" time="0.026" errors="0">
  <testcase name="logout" time="0.007" classname="Com.TestNG.Dependsongroups"/>
  <testcase name="search" time="0.002" classname="Com.TestNG.Dependsongroups">
    <failure type="java.lang.AssertionError" message="expected [abc] but found [xyz]">
      <![CDATA[java.lang.AssertionError: expected [abc] but found [xyz]
at Com.TestNG.Dependsongroups.search(Dependsongroups.java:16)
... Removed 31 stack frames]]>
    </failure>
  </testcase> <!-- search -->
  <testcase name="login" time="0.0" classname="Com.TestNG.Dependsongroups">
    <ignored/>
  </testcase> <!-- login -->
</testsuite> <!-- Test -->
